0 info it worked if it ends with ok
1 verbose cli [ 'C:\\Users\\rellis\\Node\\node.exe',
1 verbose cli   'C:\\Users\\rellis\\Node\\node_modules\\npm\\bin\\npm-cli.js',
1 verbose cli   'run',
1 verbose cli   'build' ]
2 info using npm@3.10.10
3 info using node@v6.10.3
4 verbose run-script [ 'prebuild', 'build', 'postbuild' ]
5 info lifecycle github-battle@1.0.0~prebuild: github-battle@1.0.0
6 silly lifecycle github-battle@1.0.0~prebuild: no script for prebuild, continuing
7 info lifecycle github-battle@1.0.0~build: github-battle@1.0.0
8 verbose lifecycle github-battle@1.0.0~build: unsafe-perm in lifecycle true
9 verbose lifecycle github-battle@1.0.0~build: PATH: C:\Users\rellis\Node\node_modules\npm\bin\node-gyp-bin;C:\Users\rellis\github-battle\node_modules\.bin;C:\WINDOWS\system32;C:\WINDOWS;C:\WINDOWS\System32\Wbem;C:\WINDOWS\System32\WindowsPowerShell\v1.0\;C:\Program Files (x86)\ATI Technologies\ATI.ACE\Core-Static;C:\Program Files (x86)\Skype\Phone\;C:\Program Files (x86)\Windows Kits\8.1\Windows Performance Toolkit\;C:\Program Files\Microsoft SQL Server\110\Tools\Binn\;C:\Program Files (x86)\Microsoft SDKs\TypeScript\1.0\;C:\Program Files\Microsoft SQL Server\120\Tools\Binn\;C:\Program Files (x86)\Microsoft SQL Server\100\Tools\Binn\;C:\Program Files\Microsoft SQL Server\100\Tools\Binn\;C:\Program Files\Microsoft SQL Server\100\DTS\Binn\;C:\Program Files (x86)\Microsoft SQL Server\100\Tools\Binn\VSShell\Common7\IDE\;C:\Program Files (x86)\Microsoft SQL Server\100\DTS\Binn\;c:\Program Files\Microsoft\Web Platform Installer\;c:\Program Files (x86)\Microsoft ASP.NET\ASP.NET Web Pages\v1.0\;C:\Program Files\Git\cmd;c:\Program Files (x86)\Microsoft SQL Server\110\Tools\Binn\ManagementStudio\;c:\Program Files (x86)\Microsoft SQL Server\110\Tools\Binn\;c:\Program Files (x86)\Microsoft SQL Server\110\DTS\Binn\;C:\Program Files\TortoiseSVN\bin;C:\Users\rellis\AppData\Local\Microsoft\WindowsApps;C:\Users\rellis\Node;C:\Users\rellis\Node\node_modules;
10 verbose lifecycle github-battle@1.0.0~build: CWD: C:\Users\rellis\github-battle
11 silly lifecycle github-battle@1.0.0~build: Args: [ '/d /s /c', 'webpack NODE_ENV=\'production\' -p' ]
12 silly lifecycle github-battle@1.0.0~build: Returned: code: 2  signal: null
13 info lifecycle github-battle@1.0.0~build: Failed to exec build script
14 verbose stack Error: github-battle@1.0.0 build: `webpack NODE_ENV='production' -p`
14 verbose stack Exit status 2
14 verbose stack     at EventEmitter.<anonymous> (C:\Users\rellis\Node\node_modules\npm\lib\utils\lifecycle.js:255:16)
14 verbose stack     at emitTwo (events.js:106:13)
14 verbose stack     at EventEmitter.emit (events.js:191:7)
14 verbose stack     at ChildProcess.<anonymous> (C:\Users\rellis\Node\node_modules\npm\lib\utils\spawn.js:40:14)
14 verbose stack     at emitTwo (events.js:106:13)
14 verbose stack     at ChildProcess.emit (events.js:191:7)
14 verbose stack     at maybeClose (internal/child_process.js:886:16)
14 verbose stack     at Process.ChildProcess._handle.onexit (internal/child_process.js:226:5)
15 verbose pkgid github-battle@1.0.0
16 verbose cwd C:\Users\rellis\github-battle
17 error Windows_NT 10.0.15063
18 error argv "C:\\Users\\rellis\\Node\\node.exe" "C:\\Users\\rellis\\Node\\node_modules\\npm\\bin\\npm-cli.js" "run" "build"
19 error node v6.10.3
20 error npm  v3.10.10
21 error code ELIFECYCLE
22 error github-battle@1.0.0 build: `webpack NODE_ENV='production' -p`
22 error Exit status 2
23 error Failed at the github-battle@1.0.0 build script 'webpack NODE_ENV='production' -p'.
23 error Make sure you have the latest version of node.js and npm installed.
23 error If you do, this is most likely a problem with the github-battle package,
23 error not with npm itself.
23 error Tell the author that this fails on your system:
23 error     webpack NODE_ENV='production' -p
23 error You can get information on how to open an issue for this project with:
23 error     npm bugs github-battle
23 error Or if that isn't available, you can get their info via:
23 error     npm owner ls github-battle
23 error There is likely additional logging output above.
24 verbose exit [ 1, true ]
